<?xml version="1.0" encoding="UTF-8"?>
<!-- Generated by org.testng.reporters.JUnitReportReporter -->
<testsuite hostname="DESKTOP-LKHQBG4" failures="0" tests="1" name="com.bestbuy.tests.DepatmentAddCartTest" time="61.194" errors="0" timestamp="2023-04-21T00:39:30 IST" skipped="0">
  <testcase classname="com.bestbuy.tests.DepatmentAddCartTest" name="departmentAddItem" time="61.194"/>
  <system-out/>
</testsuite> <!-- com.bestbuy.tests.DepatmentAddCartTest -->
