<?xml version="1.0" encoding="UTF-8"?>
<!-- Generated by org.testng.reporters.JUnitReportReporter -->
<testsuite hostname="DESKTOP-LKHQBG4" failures="0" tests="1" name="com.bestbuy.tests.DummyPaymentTest" time="155.515" errors="0" timestamp="2023-04-21T00:43:04 IST" skipped="0">
  <testcase classname="com.bestbuy.tests.DummyPaymentTest" name="dummyPayments" time="155.515"/>
  <system-out/>
</testsuite> <!-- com.bestbuy.tests.DummyPaymentTest -->
