<?xml version="1.0" encoding="UTF-8"?>
<!-- Generated by org.testng.reporters.JUnitReportReporter -->
<testsuite hostname="DESKTOP-LKHQBG4" failures="0" tests="1" name="com.bestbuy.tests.DepartmentAddCartTest" time="122.723" errors="0" timestamp="2023-04-24T17:57:07 IST" skipped="0">
  <testcase classname="com.bestbuy.tests.DepartmentAddCartTest" name="departmentAddItem" time="122.723"/>
  <system-out/>
</testsuite> <!-- com.bestbuy.tests.DepartmentAddCartTest -->
