<?xml version="1.0" encoding="UTF-8"?>
<!-- Generated by org.testng.reporters.JUnitReportReporter -->
<testsuite hostname="DESKTOP-LKHQBG4" failures="0" tests="1" name="com.bestbuy.tests.LaunchBrowserTest" time="20.447" errors="0" timestamp="2023-04-18T18:42:20 IST" skipped="0">
  <testcase classname="com.bestbuy.tests.LaunchBrowserTest" name="findBrokenlinkOrNot" time="20.447"/>
  <system-out/>
</testsuite> <!-- com.bestbuy.tests.LaunchBrowserTest -->
