<?xml version="1.0" encoding="UTF-8"?>
<!-- Generated by org.testng.reporters.JUnitReportReporter -->
<testsuite hostname="DESKTOP-LKHQBG4" failures="0" tests="1" name="com.bestbuy.tests.DepatmentShopTest" time="60.683" errors="0" timestamp="2023-04-19T18:31:21 IST" skipped="0">
  <testcase classname="com.bestbuy.tests.DepatmentShopTest" name="departmentAddItem" time="60.683"/>
  <system-out/>
</testsuite> <!-- com.bestbuy.tests.DepatmentShopTest -->
